==== LHAPDF6 USING DEFAULT-TYPE LHAGLUE INTERFACE ====
LHAPDF 6.1.6 loading /data1/salvatore/tools/LHAPDF/inst/share/LHAPDF/CT10nlo/CT10nlo_0000.dat
CT10nlo PDF set, member #0, version 4; LHAPDF ID = 11000
==== LHAPDF6 USING DEFAULT-TYPE LHAGLUE INTERFACE ====
LHAPDF 6.1.6 loading /data1/salvatore/tools/LHAPDF/inst/share/LHAPDF/CT10nlo/CT10nlo_0000.dat
CT10nlo PDF set, member #0, version 4; LHAPDF ID = 11000
  found input file powheg.input
  opened powheg.input
  powheginput keyword testplots            absent; set to   -1000000.0000000000     
  powheginput keyword numevts              set to    50000.000000000000     
  powheginput keyword storemintupb         set to    0.0000000000000000     
  powheginput keyword fastbtlbound         absent; set to   -1000000.0000000000     
  powheginput keyword manyseeds            set to    1.0000000000000000     
  powheginput keyword maxseeds             set to    500.00000000000000     
 enter which seed
  powheginput keyword flg_debug            absent; set to   -1000000.0000000000     
  powheginput keyword withnegweights       absent; set to   -1000000.0000000000     
  powheginput keyword bornsuppfact         set to    10.000000000000000     
  powheginput keyword ptsupp               absent; set to   -1000000.0000000000     
  powheginput keyword doublefsr            set to    1.0000000000000000     
  powheginput keyword smartsig             absent; set to   -1000000.0000000000     
  powheginput keyword withsubtr            absent; set to   -1000000.0000000000     
  powheginput keyword hfact                absent; set to   -1000000.0000000000     
  powheginput keyword withdamp             absent; set to   -1000000.0000000000     
  powheginput keyword bornzerodamp         absent; set to   -1000000.0000000000     
  powheginput keyword hdamp                absent; set to   -1000000.0000000000     
  powheginput keyword bornonly             absent; set to   -1000000.0000000000     
  powheginput keyword LOevents             absent; set to   -1000000.0000000000     
  powheginput keyword novirtual            absent; set to   -1000000.0000000000     
  powheginput keyword iseed                absent; set to   -1000000.0000000000     
  powheginput keyword rand1                absent; set to   -1000000.0000000000     
  powheginput keyword rand2                absent; set to   -1000000.0000000000     
  powheginput keyword iupperisr            absent; set to   -1000000.0000000000     
  powheginput keyword iupperfsr            absent; set to   -1000000.0000000000     
  powheginput keyword pdfreweight          absent; set to   -1000000.0000000000     
  powheginput keyword storeinfo_rwgt       absent; set to   -1000000.0000000000     
  powheginput keyword compute_rwgt         absent; set to   -1000000.0000000000     
  powheginput keyword minlo                absent; set to   -1000000.0000000000     
  powheginput keyword ubexcess_correct     absent; set to   -1000000.0000000000     
 RM48 INITIALIZED:  54217137           0         0
  powheginput keyword par_diexp            absent; set to   -1000000.0000000000     
  powheginput keyword par_dijexp           absent; set to   -1000000.0000000000     
  powheginput keyword par_2gsupp           absent; set to   -1000000.0000000000     
  powheginput keyword ih1                  set to    1.0000000000000000     
  powheginput keyword ih2                  set to    1.0000000000000000     
  powheginput keyword lhans1               set to    11000.000000000000     
  powheginput keyword lhans2               set to    11000.000000000000     
  check: alpha_s(Mz)=  0.11800070000000000     
  alpha_s order (0,1,2):            1
  Lambda 5 is   0.22624261289251604     
  LHA value is   0.19200000000000000     
  powheginput keyword ebeam1               set to    3500.0000000000000     
  powheginput keyword ebeam2               set to    3500.0000000000000     
  powheginput keyword bornktmin            set to    1.0000000000000000     
  powheginput keyword ptsqmin              absent; set to   -1000000.0000000000     
  powheginput keyword charmthr             absent; set to   -1000000.0000000000     
  powheginput keyword bottomthr            absent; set to   -1000000.0000000000     
  powheginput keyword renscfact            absent; set to   -1000000.0000000000     
  powheginput keyword facscfact            absent; set to   -1000000.0000000000     
  powheginput keyword evenmaxrat           absent; set to   -1000000.0000000000     
  powheginput keyword jacsing              absent; set to   -1000000.0000000000     
  
 --------------------------------------
 POWHEG: alpha_S information
 lambda_QCD       0.22624261289251604     
 alpha_s( 91.200)      0.1179983
 --------------------------------------
  **** Minimum maxalr allowed:         1981  *********
  **** Number of born graphs:           176
  **** Number of real graphs:           276
  **** Number of regular regions:           0
  powheginput keyword softtest             absent; set to   -1000000.0000000000     
  powheginput keyword colltest             absent; set to   -1000000.0000000000     
 ************************************
   Minimum kT of jets in underlying  
   Born is limited to   1.0000000000000000       GeV
 ************************************
  powheginput keyword fixedscale           absent; set to   -1000000.0000000000     
 RM48 INITIALIZED:  54217137           3         0
 RM48IN SKIPPING OVER               3
 RM48 INITIALIZED:  54217137           6         0
 RM48IN SKIPPING OVER               6
 Writing realequiv file...
 Done
 RM48 INITIALIZED:  54217137           6         0
 RM48IN SKIPPING OVER               6
 Writing realequivregions file...
 Done
  powheginput keyword olddij               absent; set to   -1000000.0000000000     
  powheginput keyword charmthrpdf          absent; set to   -1000000.0000000000     
  powheginput keyword bottomthrpdf         absent; set to   -1000000.0000000000     
 RM48 INITIALIZED:  54217137           0         0
 Writing bornequiv file...
 Done
  POWHEG:  
  Check of soft/collinear limits performed
  Results in file pwhg_checklimits
  powheginput keyword parallelstage        set to    2.0000000000000000     
  powheginput keyword use-old-grid         set to    1.0000000000000000     
  loading xg2    iteration file
  Opened pwggridinfo-btl-xg2-0001.dat                                                                        
  Opened pwggridinfo-btl-xg2-0002.dat                                                                        
  Opened pwggridinfo-btl-xg2-0003.dat                                                                        
  Opened pwggridinfo-btl-xg2-0004.dat                                                                        
  Opened pwggridinfo-btl-xg2-0005.dat                                                                        
  Opened pwggridinfo-btl-xg2-0006.dat                                                                        
  Opened pwggridinfo-btl-xg2-0007.dat                                                                        
  Opened pwggridinfo-btl-xg2-0008.dat                                                                        
  Opened pwggridinfo-btl-xg2-0009.dat                                                                        
  Opened pwggridinfo-btl-xg2-0010.dat                                                                        
  powheginput keyword foldcsi              set to    5.0000000000000000     
  powheginput keyword foldy                set to    5.0000000000000000     
  powheginput keyword foldphi              set to    2.0000000000000000     
 RM48 INITIALIZED:  14231353           0         0
  POWHEG: Computing pos.+|neg.|  weight contribution to inclusive cross section
  powheginput keyword ncall2               set to    1000.0000000000000     
  powheginput keyword itmx2                set to    5.0000000000000000     
  powheginput keyword ncall2rm             absent; set to   -1000000.0000000000     
  powheginput keyword itmx2rm              absent; set to   -1000000.0000000000     
  powheginput keyword stage2init           absent; set to   -1000000.0000000000     
  powheginput keyword fixedgrid            absent; set to   -1000000.0000000000     
  powheginput keyword btildeborn           absent; set to   -1000000.0000000000     
  powheginput keyword btildevirt           absent; set to   -1000000.0000000000     
  powheginput keyword btildecoll           absent; set to   -1000000.0000000000     
  powheginput keyword btildereal           absent; set to   -1000000.0000000000     
Thanks for using LHAPDF 6.1.6. Please make sure to cite the paper:
  Eur.Phys.J. C75 (2015) 3, 132  (http://arxiv.org/abs/1412.7420)
 RM48 INITIALIZED:  14231353          12         0
 RM48IN SKIPPING OVER              12
 Writing virtequiv file...
 Done
  powheginput keyword btlscalereal         absent; set to   -1000000.0000000000     
  powheginput keyword btlscalect           absent; set to   -1000000.0000000000     
   2264835980.5750079        62278647.259973280     
   2280145070.4601765        68382258.825861022     
   2474168999.2633448        207815621.55573609     
   2295149008.9930687        64710824.867491104     
   2200822107.3692708        53231605.677934431     
 tot:   2192735743.6799164      +-   49059613.057986170     
 abs:   2303024233.3321757      +-   48499472.207724586     
 pos:   2247879988.5060477      +-   48555645.324931458     
 neg:   55144244.826126479      +-   4676700.3317562090     
  powheginput keyword ubsigmadetails       absent; set to   -1000000.0000000000     
 btilde pos.   weights:   2247879988.5060477       +-   48555645.324931458     
 btilde |neg.| weights:   55144244.826126479       +-   4676700.3317562090     
 btilde total (pos.-|neg.|):   2192735743.6799164       +-   49059613.057986170     
  total (btilde+remnants) cross section times 
  suppression factor in pb   2192735743.6799164      +-   49059613.057986170     
  negative weight fraction:   2.3944274675017248E-002
 powheginput WARNING: unused variable use-old-ubound      
 powheginput WARNING: unused variable nubound             
 powheginput WARNING: unused variable ncall1              
 powheginput WARNING: unused variable itmx1               
