==== LHAPDF6 USING DEFAULT-TYPE LHAGLUE INTERFACE ====
LHAPDF 6.1.6 loading /data1/salvatore/tools/LHAPDF/inst/share/LHAPDF/CT10nlo/CT10nlo_0000.dat
CT10nlo PDF set, member #0, version 4; LHAPDF ID = 11000
==== LHAPDF6 USING DEFAULT-TYPE LHAGLUE INTERFACE ====
LHAPDF 6.1.6 loading /data1/salvatore/tools/LHAPDF/inst/share/LHAPDF/CT10nlo/CT10nlo_0000.dat
CT10nlo PDF set, member #0, version 4; LHAPDF ID = 11000
  found input file powheg.input
  opened powheg.input
  powheginput keyword testplots            absent; set to   -1000000.0000000000     
  powheginput keyword numevts              set to    50000.000000000000     
  powheginput keyword storemintupb         set to    0.0000000000000000     
  powheginput keyword fastbtlbound         absent; set to   -1000000.0000000000     
  powheginput keyword manyseeds            set to    1.0000000000000000     
  powheginput keyword maxseeds             set to    500.00000000000000     
 enter which seed
  powheginput keyword flg_debug            absent; set to   -1000000.0000000000     
  powheginput keyword withnegweights       set to    0.0000000000000000     
  powheginput keyword bornsuppfact         set to    10.000000000000000     
  powheginput keyword ptsupp               absent; set to   -1000000.0000000000     
  powheginput keyword doublefsr            set to    1.0000000000000000     
  powheginput keyword smartsig             absent; set to   -1000000.0000000000     
  powheginput keyword withsubtr            absent; set to   -1000000.0000000000     
  powheginput keyword hfact                absent; set to   -1000000.0000000000     
  powheginput keyword withdamp             absent; set to   -1000000.0000000000     
  powheginput keyword bornzerodamp         absent; set to   -1000000.0000000000     
  powheginput keyword hdamp                absent; set to   -1000000.0000000000     
  powheginput keyword bornonly             absent; set to   -1000000.0000000000     
  powheginput keyword LOevents             absent; set to   -1000000.0000000000     
  powheginput keyword novirtual            absent; set to   -1000000.0000000000     
  powheginput keyword iseed                absent; set to   -1000000.0000000000     
  powheginput keyword rand1                absent; set to   -1000000.0000000000     
  powheginput keyword rand2                absent; set to   -1000000.0000000000     
  powheginput keyword iupperisr            absent; set to   -1000000.0000000000     
  powheginput keyword iupperfsr            absent; set to   -1000000.0000000000     
  powheginput keyword pdfreweight          absent; set to   -1000000.0000000000     
  powheginput keyword storeinfo_rwgt       absent; set to   -1000000.0000000000     
  powheginput keyword compute_rwgt         absent; set to   -1000000.0000000000     
  powheginput keyword minlo                absent; set to   -1000000.0000000000     
  powheginput keyword ubexcess_correct     absent; set to   -1000000.0000000000     
 RM48 INITIALIZED:  54217137           0         0
  powheginput keyword par_diexp            absent; set to   -1000000.0000000000     
  powheginput keyword par_dijexp           absent; set to   -1000000.0000000000     
  powheginput keyword par_2gsupp           absent; set to   -1000000.0000000000     
  powheginput keyword ih1                  set to    1.0000000000000000     
  powheginput keyword ih2                  set to    1.0000000000000000     
  powheginput keyword lhans1               set to    11000.000000000000     
  powheginput keyword lhans2               set to    11000.000000000000     
  check: alpha_s(Mz)=  0.11800070000000000     
  alpha_s order (0,1,2):            1
  Lambda 5 is   0.22624261289251604     
  LHA value is   0.19200000000000000     
  powheginput keyword ebeam1               set to    3500.0000000000000     
  powheginput keyword ebeam2               set to    3500.0000000000000     
  powheginput keyword bornktmin            set to    1.0000000000000000     
  powheginput keyword ptsqmin              absent; set to   -1000000.0000000000     
  powheginput keyword charmthr             absent; set to   -1000000.0000000000     
  powheginput keyword bottomthr            absent; set to   -1000000.0000000000     
  powheginput keyword renscfact            absent; set to   -1000000.0000000000     
  powheginput keyword facscfact            absent; set to   -1000000.0000000000     
  powheginput keyword evenmaxrat           absent; set to   -1000000.0000000000     
  powheginput keyword jacsing              absent; set to   -1000000.0000000000     
  
 --------------------------------------
 POWHEG: alpha_S information
 lambda_QCD       0.22624261289251604     
 alpha_s( 91.200)      0.1179983
 --------------------------------------
  **** Minimum maxalr allowed:         1981  *********
  **** Number of born graphs:           176
  **** Number of real graphs:           276
  **** Number of regular regions:           0
  powheginput keyword softtest             absent; set to   -1000000.0000000000     
  powheginput keyword colltest             absent; set to   -1000000.0000000000     
 ************************************
   Minimum kT of jets in underlying  
   Born is limited to   1.0000000000000000       GeV
 ************************************
  powheginput keyword fixedscale           absent; set to   -1000000.0000000000     
 RM48 INITIALIZED:  54217137           3         0
 RM48IN SKIPPING OVER               3
 RM48 INITIALIZED:  54217137           6         0
 RM48IN SKIPPING OVER               6
 Writing realequiv file...
 Done
 RM48 INITIALIZED:  54217137           6         0
 RM48IN SKIPPING OVER               6
 Writing realequivregions file...
 Done
  powheginput keyword olddij               absent; set to   -1000000.0000000000     
  powheginput keyword charmthrpdf          absent; set to   -1000000.0000000000     
  powheginput keyword bottomthrpdf         absent; set to   -1000000.0000000000     
 RM48 INITIALIZED:  54217137           0         0
 Writing bornequiv file...
 Done
  POWHEG:  
  Check of soft/collinear limits performed
  Results in file pwhg_checklimits
  powheginput keyword parallelstage        set to    2.0000000000000000     
  powheginput keyword use-old-grid         set to    1.0000000000000000     
  loading xg2    iteration file
  Opened pwggridinfo-btl-xg2-0001.dat                                                                        
  Opened pwggridinfo-btl-xg2-0002.dat                                                                        
  Opened pwggridinfo-btl-xg2-0003.dat                                                                        
  Opened pwggridinfo-btl-xg2-0004.dat                                                                        
  Opened pwggridinfo-btl-xg2-0005.dat                                                                        
  Opened pwggridinfo-btl-xg2-0006.dat                                                                        
  Opened pwggridinfo-btl-xg2-0007.dat                                                                        
  Opened pwggridinfo-btl-xg2-0008.dat                                                                        
  Opened pwggridinfo-btl-xg2-0009.dat                                                                        
  Opened pwggridinfo-btl-xg2-0010.dat                                                                        
  powheginput keyword foldcsi              set to    5.0000000000000000     
  powheginput keyword foldy                set to    5.0000000000000000     
  powheginput keyword foldphi              set to    2.0000000000000000     
 RM48 INITIALIZED: 941213106           0         0
  POWHEG: Computing positive weight contribution to inclusive cross section
  powheginput keyword ncall2               set to    1000.0000000000000     
  powheginput keyword itmx2                set to    5.0000000000000000     
  powheginput keyword ncall2rm             absent; set to   -1000000.0000000000     
  powheginput keyword itmx2rm              absent; set to   -1000000.0000000000     
  powheginput keyword stage2init           absent; set to   -1000000.0000000000     
  powheginput keyword fixedgrid            absent; set to   -1000000.0000000000     
  powheginput keyword btildeborn           absent; set to   -1000000.0000000000     
  powheginput keyword btildevirt           absent; set to   -1000000.0000000000     
  powheginput keyword btildecoll           absent; set to   -1000000.0000000000     
  powheginput keyword btildereal           absent; set to   -1000000.0000000000     
 RM48 INITIALIZED: 941213106          12         0
Thanks for using LHAPDF 6.1.6. Please make sure to cite the paper:
  Eur.Phys.J. C75 (2015) 3, 132  (http://arxiv.org/abs/1412.7420)
 RM48IN SKIPPING OVER              12
 Writing virtequiv file...
 Done
  powheginput keyword btlscalereal         absent; set to   -1000000.0000000000     
  powheginput keyword btlscalect           absent; set to   -1000000.0000000000     
   2144857165.6263824        57281122.426687442     
   2207241978.1847334        73761191.172510162     
   2232238809.3655462        68429965.291827992     
   2243622243.6290069        58775859.637772933     
   2174108131.5674267        86827379.171711743     
 tot:   2139210595.4596546      +-   32314792.140694138     
 abs:   2261616735.8895779      +-   31061404.627944499     
 pos:   2200413665.6746111      +-   31244071.989502884     
 neg:   61203070.214956701      +-   5323184.1780414945     
  powheginput keyword ubsigmadetails       absent; set to   -1000000.0000000000     
 btilde pos.   weights:   2200413665.6746111       +-   31244071.989502884     
 btilde |neg.| weights:   61203070.214956701       +-   5323184.1780414945     
 btilde total (pos.-|neg.|):   2139210595.4596546       +-   32314792.140694138     
  total (btilde+remnants) cross section times 
  suppression factor in pb   2139210595.4596546      +-   32314792.140694138     
  negative weight fraction:   2.7061645434315169E-002
 powheginput WARNING: unused variable use-old-ubound      
 powheginput WARNING: unused variable nubound             
 powheginput WARNING: unused variable ncall1              
 powheginput WARNING: unused variable itmx1               
