==== LHAPDF6 USING DEFAULT-TYPE LHAGLUE INTERFACE ====
LHAPDF 6.1.6 loading /data1/salvatore/tools/LHAPDF/inst/share/LHAPDF/CT10nlo/CT10nlo_0000.dat
CT10nlo PDF set, member #0, version 4; LHAPDF ID = 11000
==== LHAPDF6 USING DEFAULT-TYPE LHAGLUE INTERFACE ====
LHAPDF 6.1.6 loading /data1/salvatore/tools/LHAPDF/inst/share/LHAPDF/CT10nlo/CT10nlo_0000.dat
CT10nlo PDF set, member #0, version 4; LHAPDF ID = 11000
  found input file powheg.input
  opened powheg.input
  powheginput keyword testplots            absent; set to   -1000000.0000000000     
  powheginput keyword numevts              set to    55001.000000000000     
  powheginput keyword storemintupb         set to    0.0000000000000000     
  powheginput keyword fastbtlbound         absent; set to   -1000000.0000000000     
  powheginput keyword manyseeds            set to    1.0000000000000000     
  powheginput keyword maxseeds             set to    500.00000000000000     
 enter which seed
  powheginput keyword flg_debug            absent; set to   -1000000.0000000000     
  powheginput keyword withnegweights       set to    0.0000000000000000     
  powheginput keyword bornsuppfact         set to    60.000000000000000     
  powheginput keyword ptsupp               absent; set to   -1000000.0000000000     
  powheginput keyword doublefsr            set to    1.0000000000000000     
  powheginput keyword smartsig             absent; set to   -1000000.0000000000     
  powheginput keyword withsubtr            absent; set to   -1000000.0000000000     
  powheginput keyword hfact                absent; set to   -1000000.0000000000     
  powheginput keyword withdamp             absent; set to   -1000000.0000000000     
  powheginput keyword bornzerodamp         absent; set to   -1000000.0000000000     
  powheginput keyword hdamp                absent; set to   -1000000.0000000000     
  powheginput keyword bornonly             absent; set to   -1000000.0000000000     
  powheginput keyword LOevents             absent; set to   -1000000.0000000000     
  powheginput keyword novirtual            absent; set to   -1000000.0000000000     
  powheginput keyword iseed                absent; set to   -1000000.0000000000     
  powheginput keyword rand1                absent; set to   -1000000.0000000000     
  powheginput keyword rand2                absent; set to   -1000000.0000000000     
  powheginput keyword iupperisr            absent; set to   -1000000.0000000000     
  powheginput keyword iupperfsr            absent; set to   -1000000.0000000000     
  powheginput keyword pdfreweight          absent; set to   -1000000.0000000000     
  powheginput keyword storeinfo_rwgt       absent; set to   -1000000.0000000000     
  powheginput keyword compute_rwgt         absent; set to   -1000000.0000000000     
  powheginput keyword minlo                absent; set to   -1000000.0000000000     
  powheginput keyword ubexcess_correct     absent; set to   -1000000.0000000000     
 RM48 INITIALIZED:  54217137           0         0
  powheginput keyword par_diexp            absent; set to   -1000000.0000000000     
  powheginput keyword par_dijexp           absent; set to   -1000000.0000000000     
  powheginput keyword par_2gsupp           absent; set to   -1000000.0000000000     
  powheginput keyword ih1                  set to    1.0000000000000000     
  powheginput keyword ih2                  set to    1.0000000000000000     
  powheginput keyword lhans1               set to    11000.000000000000     
  powheginput keyword lhans2               set to    11000.000000000000     
  check: alpha_s(Mz)=  0.11800070000000000     
  alpha_s order (0,1,2):            1
  Lambda 5 is   0.22624261289251604     
  LHA value is   0.19200000000000000     
  powheginput keyword ebeam1               set to    3500.0000000000000     
  powheginput keyword ebeam2               set to    3500.0000000000000     
  powheginput keyword bornktmin            set to    1.0000000000000000     
  powheginput keyword ptsqmin              absent; set to   -1000000.0000000000     
  powheginput keyword charmthr             absent; set to   -1000000.0000000000     
  powheginput keyword bottomthr            absent; set to   -1000000.0000000000     
  powheginput keyword renscfact            set to    2.0000000000000000     
  powheginput keyword facscfact            set to    2.0000000000000000     
  powheginput keyword evenmaxrat           absent; set to   -1000000.0000000000     
  powheginput keyword jacsing              absent; set to   -1000000.0000000000     
  
 --------------------------------------
 POWHEG: alpha_S information
 lambda_QCD       0.22624261289251604     
 alpha_s( 91.200)      0.1179983
 --------------------------------------
  **** Minimum maxalr allowed:         1981  *********
  **** Number of born graphs:           176
  **** Number of real graphs:           276
  **** Number of regular regions:           0
  powheginput keyword softtest             absent; set to   -1000000.0000000000     
  powheginput keyword colltest             absent; set to   -1000000.0000000000     
 ************************************
   Minimum kT of jets in underlying  
   Born is limited to   1.0000000000000000       GeV
 ************************************
  powheginput keyword fixedscale           absent; set to   -1000000.0000000000     
 RM48 INITIALIZED:  54217137           3         0
 RM48IN SKIPPING OVER               3
 RM48 INITIALIZED:  54217137           6         0
 RM48IN SKIPPING OVER               6
 Writing realequiv file...
 Done
 RM48 INITIALIZED:  54217137           6         0
 RM48IN SKIPPING OVER               6
 Writing realequivregions file...
 Done
  powheginput keyword olddij               absent; set to   -1000000.0000000000     
  powheginput keyword charmthrpdf          absent; set to   -1000000.0000000000     
  powheginput keyword bottomthrpdf         absent; set to   -1000000.0000000000     
 RM48 INITIALIZED:  54217137           0         0
 Writing bornequiv file...
 Done
  POWHEG:  
  Check of soft/collinear limits performed
  Results in file pwhg_checklimits
  powheginput keyword parallelstage        set to    3.0000000000000000     
  powheginput keyword use-old-grid         set to    1.0000000000000000     
  loading xg2    iteration file
  Opened pwggridinfo-btl-xg2-0001.dat                                                                        
  Opened pwggridinfo-btl-xg2-0002.dat                                                                        
  Opened pwggridinfo-btl-xg2-0003.dat                                                                        
  Opened pwggridinfo-btl-xg2-0004.dat                                                                        
  Opened pwggridinfo-btl-xg2-0005.dat                                                                        
  Opened pwggridinfo-btl-xg2-0006.dat                                                                        
  Opened pwggridinfo-btl-xg2-0007.dat                                                                        
  Opened pwggridinfo-btl-xg2-0008.dat                                                                        
  Opened pwggridinfo-btl-xg2-0009.dat                                                                        
  Opened pwggridinfo-btl-xg2-0010.dat                                                                        
  powheginput keyword foldcsi              set to    5.0000000000000000     
  powheginput keyword foldy                set to    5.0000000000000000     
  powheginput keyword foldphi              set to    2.0000000000000000     
  powheginput keyword check_bad_st2        absent; set to   -1000000.0000000000     
  Opened pwggrid-0001.dat
  powheginput keyword ncallfrominput       absent; set to   -1000000.0000000000     
  Opened pwggrid-0002.dat
  Opened pwggrid-0003.dat
  Opened pwggrid-0004.dat
  Opened pwggrid-0005.dat
  Opened pwggrid-0006.dat
  Opened pwggrid-0007.dat
  Opened pwggrid-0008.dat
  Opened pwggrid-0009.dat
  Opened pwggrid-0010.dat
  Opened pwggrid-0011.dat
  Opened pwggrid-0012.dat
  Opened pwggrid-0013.dat
  Opened pwggrid-0014.dat
  Opened pwggrid-0015.dat
  Opened pwggrid-0016.dat
  Opened pwggrid-0017.dat
  Opened pwggrid-0018.dat
  Opened pwggrid-0019.dat
  Opened pwggrid-0020.dat
 RM48 INITIALIZED: 890745400           0         0
  powheginput keyword nubound              set to    500000.00000000000     
  powheginput keyword iymax                absent; set to   -1000000.0000000000     
  powheginput keyword icsimax              absent; set to   -1000000.0000000000     
  powheginput keyword xupbound             absent; set to   -1000000.0000000000     
Thanks for using LHAPDF 6.1.6. Please make sure to cite the paper:
  Eur.Phys.J. C75 (2015) 3, 132  (http://arxiv.org/abs/1412.7420)

  POWHEG: computing normalization of upper bounding function for radiation

 Initializing grids for the generation of the underlying
 Born configurations according to the Born cross section
  powheginput keyword ncall1               set to    5000.0000000000000     
  powheginput keyword itmx1                set to    5.0000000000000000     
  powheginput keyword fixedgrid            absent; set to   -1000000.0000000000     
  powheginput keyword btildeborn           absent; set to   -1000000.0000000000     
  powheginput keyword btildevirt           absent; set to   -1000000.0000000000     
  powheginput keyword btildecoll           absent; set to   -1000000.0000000000     
  powheginput keyword btildereal           absent; set to   -1000000.0000000000     
   2305508.3975782562        115231.05949174284     
   2401050.7505318862        94071.319701170112     
   2320600.1885125558        31053.299349507506     
   2232872.8765666969        19426.269163644210     
   2280761.0431637261        21862.467363896878     
  powheginput keyword ncall2               set to    1000.0000000000000     
  powheginput keyword itmx2                set to    5.0000000000000000     
   2232708.9940995262        50500.656183414452     
   2321757.8873559935        84697.962461582880     
   2299117.0204758602        56204.337902624982     
   2382107.8431107276        92023.224713190837     
   2399252.4755246802        87232.803828435222     
 RM48 INITIALIZED: 890745400      180018         0
 RM48IN SKIPPING OVER          180018
  Normalization of upper bounding function for radiation computed and stored
 powheginput WARNING: unused variable use-old-ubound      
