==== LHAPDF6 USING DEFAULT-TYPE LHAGLUE INTERFACE ====
terminate called after throwing an instance of 'LHAPDF::ReadError'
  what():  Info file not found for PDF set 'MSTW2008nnlo68cl'

Program received signal SIGABRT: Process abort signal.

Backtrace for this error:
#0  0x7f6e7f9cef0d in ???
#1  0x7f6e7f9ce14d in ???
#2  0x7f6e7edf0caf in ???
#3  0x7f6e7edf0c37 in ???
#4  0x7f6e7edf4027 in ???
#5  0x7f6e7f70c414 in ???
#6  0x7f6e7f70a205 in ???
#7  0x7f6e7f70a250 in ???
#8  0x7f6e7f70a492 in ???
#9  0x7f6e7fd1bd11 in ???
#10  0x7f6e7fd498b5 in ???
#11  0x7f6e7fd49e70 in ???
#12  0x7f6e7fda83d0 in ???
#13  0x7f6e7fdad838 in ???
#14  0x7f6e7fdae272 in ???
#15  0x48ca8c in genericpdfset_
	at ../lhapdfif.f:23
#16  0x48e26d in genericpdfpar_
	at ../lhapdfif.f:214
#17  0x4514a2 in init_phys_
	at ../init_phys.f:63
#18  0x40fcb3 in pwhginit_
	at ../pwhg_init.f:127
#19  0x40df5b in MAIN__
	at ../pwhg_main.f:122
#20  0x40f3ec in main
	at ../pwhg_main.f:274
