==== LHAPDF6 USING DEFAULT-TYPE LHAGLUE INTERFACE ====
terminate called after throwing an instance of 'LHAPDF::ReadError'
  what():  Info file not found for PDF set 'MSTW2008nnlo68cl'

Program received signal SIGABRT: Process abort signal.

Backtrace for this error:
#0  0x7eff55816f0d in ???
#1  0x7eff5581614d in ???
#2  0x7eff54c38caf in ???
#3  0x7eff54c38c37 in ???
#4  0x7eff54c3c027 in ???
#5  0x7eff55554414 in ???
#6  0x7eff55552205 in ???
#7  0x7eff55552250 in ???
#8  0x7eff55552492 in ???
#9  0x7eff55b63d11 in ???
#10  0x7eff55b918b5 in ???
#11  0x7eff55b91e70 in ???
#12  0x7eff55bf03d0 in ???
#13  0x7eff55bf5838 in ???
#14  0x7eff55bf6272 in ???
#15  0x48ca8c in genericpdfset_
	at ../lhapdfif.f:23
#16  0x48e26d in genericpdfpar_
	at ../lhapdfif.f:214
#17  0x4514a2 in init_phys_
	at ../init_phys.f:63
#18  0x40fcb3 in pwhginit_
	at ../pwhg_init.f:127
#19  0x40df5b in MAIN__
	at ../pwhg_main.f:122
#20  0x40f3ec in main
	at ../pwhg_main.f:274
